<?xml version="1.0" encoding="UTF-8"?>
<testng-results skipped="0" failed="0" ignored="0" total="1" passed="1">
  <reporter-output>
  </reporter-output>
  <suite name="Default suite" duration-ms="21512" started-at="2020-08-28T23:24:19 IST" finished-at="2020-08-28T23:24:41 IST">
    <groups>
    </groups>
    <test name="Default test" duration-ms="21512" started-at="2020-08-28T23:24:19 IST" finished-at="2020-08-28T23:24:41 IST">
      <class name="com.training.sanity.tests.LogOut">
        <test-method status="PASS" signature="setUpBeforeClass()[pri:0, instance:com.training.sanity.tests.LogOut@6c49835d]" name="setUpBeforeClass" is-config="true" duration-ms="12234" started-at="2020-08-28T23:24:19 IST" finished-at="2020-08-28T23:24:31 IST">
          <reporter-output>
          </reporter-output>
        </test-method> <!-- setUpBeforeClass -->
        <test-method status="PASS" signature="setUp()[pri:0, instance:com.training.sanity.tests.LogOut@6c49835d]" name="setUp" is-config="true" duration-ms="1" started-at="2020-08-28T23:24:31 IST" finished-at="2020-08-28T23:24:31 IST">
          <reporter-output>
          </reporter-output>
        </test-method> <!-- setUp -->
        <test-method status="PASS" signature="verifyCourseList()[pri:0, instance:com.training.sanity.tests.LogOut@6c49835d]" name="verifyCourseList" duration-ms="9208" started-at="2020-08-28T23:24:31 IST" finished-at="2020-08-28T23:24:41 IST">
          <reporter-output>
          </reporter-output>
        </test-method> <!-- verifyCourseList -->
      </class> <!-- com.training.sanity.tests.LogOut -->
    </test> <!-- Default test -->
  </suite> <!-- Default suite -->
</testng-results>
